<?xml version="1.0" encoding="UTF-8"?>
<!-- Generated by org.testng.reporters.JUnitXMLReporter -->
<testsuite ignored="0" hostname="DESKTOP-SJK8D8N" failures="0" tests="5" name="TestBlock2" time="86.288" errors="0" timestamp="2021-05-04T12:38:42 IST">
  <testcase classname="com.crm.vtiger.GenericUtils.BaseClass" name="@AfterMethod logoutOfApplication" time="6.381">
    <failure type="org.openqa.selenium.ElementClickInterceptedException" message="Element &amp;lt;td class=&amp;quot;small&amp;quot;&amp;gt; is not clickable at point (1266,23) because another element &amp;lt;div id=&amp;quot;__vtigerjs_dialogbox_olayer__&amp;quot; class=&amp;quot;small veil&amp;quot;&amp;gt; obscures it
Build info: version: &amp;apos;3.141.59&amp;apos;, revision: &amp;apos;e82be7d358&amp;apos;, time: &amp;apos;2018-11-14T08:17:03&amp;apos;
System info: host: &amp;apos;DESKTOP-SJK8D8N&amp;apos;, ip: &amp;apos;192.168.42.244&amp;apos;, os.name: &amp;apos;Windows 10&amp;apos;, os.arch: &amp;apos;amd64&amp;apos;, os.version: &amp;apos;10.0&amp;apos;, java.version: &amp;apos;13.0.2&amp;apos;
Driver info: org.openqa.selenium.firefox.FirefoxDriver
Capabilities {acceptInsecureCerts: true, browserName: firefox, browserVersion: 86.0.1, javascriptEnabled: true, moz:accessibilityChecks: false, moz:buildID: 20210310152336, moz:geckodriverVersion: 0.29.0, moz:headless: false, moz:processID: 14092, moz:profile: C:\Users\Admin\AppData\Loca..., moz:shutdownTimeout: 60000, moz:useNonSpecCompliantPointerOrigin: false, moz:webdriverClick: true, pageLoadStrategy: normal, platform: WINDOWS, platformName: WINDOWS, platformVersion: 10.0, rotatable: false, setWindowRect: true, strictFileInteractability: false, timeouts: {implicit: 0, pageLoad: 300000, script: 30000}, unhandledPromptBehavior: dismiss and notify}
Session ID: 329697b1-d19c-494a-b46b-17d85c7083e6">
      <![CDATA[org.openqa.selenium.ElementClickInterceptedException: Element <td class="small"> is not clickable at point (1266,23) because another element <div id="__vtigerjs_dialogbox_olayer__" class="small veil"> obscures it
Build info: version: '3.141.59', revision: 'e82be7d358', time: '2018-11-14T08:17:03'
System info: host: 'DESKTOP-SJK8D8N', ip: '192.168.42.244', os.name: 'Windows 10', os.arch: 'amd64', os.version: '10.0', java.version: '13.0.2'
Driver info: org.openqa.selenium.firefox.FirefoxDriver
Capabilities {acceptInsecureCerts: true, browserName: firefox, browserVersion: 86.0.1, javascriptEnabled: true, moz:accessibilityChecks: false, moz:buildID: 20210310152336, moz:geckodriverVersion: 0.29.0, moz:headless: false, moz:processID: 14092, moz:profile: C:\Users\Admin\AppData\Loca..., moz:shutdownTimeout: 60000, moz:useNonSpecCompliantPointerOrigin: false, moz:webdriverClick: true, pageLoadStrategy: normal, platform: WINDOWS, platformName: WINDOWS, platformVersion: 10.0, rotatable: false, setWindowRect: true, strictFileInteractability: false, timeouts: {implicit: 0, pageLoad: 300000, script: 30000}, unhandledPromptBehavior: dismiss and notify}
Session ID: 329697b1-d19c-494a-b46b-17d85c7083e6
at org.openqa.selenium.remote.http.W3CHttpResponseCodec.createException(W3CHttpResponseCodec.java:187)
at org.openqa.selenium.remote.http.W3CHttpResponseCodec.decode(W3CHttpResponseCodec.java:122)
at org.openqa.selenium.remote.http.W3CHttpResponseCodec.decode(W3CHttpResponseCodec.java:49)
at org.openqa.selenium.remote.HttpCommandExecutor.execute(HttpCommandExecutor.java:158)
at org.openqa.selenium.remote.service.DriverCommandExecutor.execute(DriverCommandExecutor.java:83)
at org.openqa.selenium.remote.RemoteWebDriver.execute(RemoteWebDriver.java:552)
at org.openqa.selenium.remote.RemoteWebElement.execute(RemoteWebElement.java:285)
at org.openqa.selenium.remote.RemoteWebElement.click(RemoteWebElement.java:84)
at com.crm.vtiger.GenericUtils.BaseClass.logoutOfApplication(BaseClass.java:75)
at java.base/java.util.ArrayList.forEach(ArrayList.java:1507)
at java.base/java.util.concurrent.FutureTask.run(FutureTask.java:264)
at java.base/java.util.concurrent.ThreadPoolExecutor.runWorker(ThreadPoolExecutor.java:1128)
at java.base/java.util.concurrent.ThreadPoolExecutor$Worker.run(ThreadPoolExecutor.java:628)
at java.base/java.lang.Thread.run(Thread.java:830)
... Removed 28 stack frames]]>
    </failure>
  </testcase> <!-- @AfterMethod logoutOfApplication -->
  <testcase classname="com.crm.vtiger.GenericUtils.BaseClass" name="@BeforeMethod loginToApplication" time="-1.620112114145E9">
    <skipped/>
  </testcase> <!-- @BeforeMethod loginToApplication -->
  <testcase classname="com.crm.vtiger.GenericUtils.BaseClass" name="@AfterMethod logoutOfApplication" time="-1.620112114176E9">
    <skipped/>
  </testcase> <!-- @AfterMethod logoutOfApplication -->
  <testcase classname="com.crm.vtiger.GenericUtils.BaseClass" name="@BeforeMethod loginToApplication" time="-1.620112114193E9">
    <skipped/>
  </testcase> <!-- @BeforeMethod loginToApplication -->
  <testcase classname="com.crm.vtiger.GenericUtils.BaseClass" name="@AfterMethod logoutOfApplication" time="-1.620112114265E9">
    <skipped/>
  </testcase> <!-- @AfterMethod logoutOfApplication -->
  <testcase classname="com.crm.vtiger.GenericUtils.BaseClass" name="@BeforeMethod loginToApplication" time="-1.620112114305E9">
    <skipped/>
  </testcase> <!-- @BeforeMethod loginToApplication -->
  <testcase classname="com.crm.vtiger.GenericUtils.BaseClass" name="@AfterMethod logoutOfApplication" time="-1.620112114387E9">
    <skipped/>
  </testcase> <!-- @AfterMethod logoutOfApplication -->
  <testcase classname="com.crm.vtiger.GenericUtils.BaseClass" name="@BeforeMethod loginToApplication" time="-1.620112114393E9">
    <skipped/>
  </testcase> <!-- @BeforeMethod loginToApplication -->
  <testcase classname="com.crm.vtiger.GenericUtils.BaseClass" name="@AfterMethod logoutOfApplication" time="-1.620112114426E9">
    <skipped/>
  </testcase> <!-- @AfterMethod logoutOfApplication -->
  <testcase classname="com.crm.vtiger.organisation.createOrganisationTest" name="createOrganisationWithIndustry" time="42.936"/>
  <testcase classname="com.crm.vtiger.organisation.createOrganisationTest" name="createOrganisationWithIndustryTest" time="0.0">
    <skipped/>
  </testcase> <!-- createOrganisationWithIndustryTest -->
  <testcase classname="com.crm.vtiger.organisation.createOrganisationTest" name="createOrganisationWithType" time="0.001">
    <skipped/>
  </testcase> <!-- createOrganisationWithType -->
  <testcase classname="com.crm.vtiger.organisation.createOrganisationTest" name="createOrganisationWithTypeTest" time="0.0">
    <skipped/>
  </testcase> <!-- createOrganisationWithTypeTest -->
  <testcase classname="com.crm.vtiger.organisation.createOrganisationTest" name="createOrganization" time="0.0">
    <skipped/>
  </testcase> <!-- createOrganization -->
</testsuite> <!-- TestBlock2 -->
